#
# A fatal error has been detected by the Java Runtime Environment:
#
#  EXCEPTION_ACCESS_VIOLATION (0xc0000005) at pc=0x00007ffd7d066a87, pid=20944, tid=16912
#
# JRE version: Java(TM) SE Runtime Environment (16.0.2+7) (build 16.0.2+7-67)
# Java VM: Java HotSpot(TM) 64-Bit Server VM (16.0.2+7-67, mixed mode, sharing, tiered, compressed oops, compressed class ptrs, g1 gc, windows-amd64)
# Problematic frame:
# C  [glass.dll+0x26a87]
#
# No core dump will be written. Minidumps are not enabled by default on client versions of Windows
#
# If you would like to submit a bug report, please visit:
#   https://bugreport.java.com/bugreport/crash.jsp
#

---------------  S U M M A R Y ------------

Command Line: -Dfile.encoding=UTF-8 --module-path=C:\Program Files\Java\javafx-sdk-17.0.1\lib --add-modules=javafx.controls,javafx.fxml --module-path=D:\Java projects\Hospital\build\classes;C:\Program Files\Java\javafx-sdk-17.0.1\lib\javafx-swt.jar;C:\Program Files\Java\javafx-sdk-17.0.1\lib\javafx.base.jar;C:\Program Files\Java\javafx-sdk-17.0.1\lib\javafx.controls.jar;C:\Program Files\Java\javafx-sdk-17.0.1\lib\javafx.fxml.jar;C:\Program Files\Java\javafx-sdk-17.0.1\lib\javafx.graphics.jar;C:\Program Files\Java\javafx-sdk-17.0.1\lib\javafx.media.jar;C:\Program Files\Java\javafx-sdk-17.0.1\lib\javafx.swing.jar;C:\Program Files\Java\javafx-sdk-17.0.1\lib\javafx.web.jar Hospital.FXMain

Host: AMD Ryzen 5 3400G with Radeon Vega Graphics    , 8 cores, 13G,  Windows 10 , 64 bit Build 19041 (10.0.19041.1741)
Time: Mon Jul 11 21:39:04 2022  Windows 10 , 64 bit Build 19041 (10.0.19041.1741) elapsed time: 48.083298 seconds (0d 0h 0m 48s)

---------------  T H R E A D  ---------------

Current thread (0x0000029092b762e0):  VMThread "VM Thread" [stack: 0x000000c96d400000,0x000000c96d500000] [id=16912]

Stack: [0x000000c96d400000,0x000000c96d500000],  sp=0x000000c96d4fefe0,  free space=1019k
Native frames: (J=compiled Java code, j=interpreted, Vv=VM code, C=native code)
C  [glass.dll+0x26a87]


siginfo: EXCEPTION_ACCESS_VIOLATION (0xc0000005), reading address 0x0000000000000000


Register to memory mapping:

RIP=0x00007ffd7d066a87 glass.dll
RAX=0x0 is NULL
RBX=0x0000029092b89a78 is a global jni handle
RCX=0x0000029092b762e0 points into unknown readable memory: 0x00007ffd1eeef638 | 38 f6 ee 1e fd 7f 00 00
RDX=0x000000c96d4fefe0 points into unknown readable memory: 0x0000000000000000 | 00 00 00 00 00 00 00 00
RSP=0x000000c96d4fefe0 points into unknown readable memory: 0x0000000000000000 | 00 00 00 00 00 00 00 00
RBP=0x0000029094086d48 points into unknown readable memory: 0x00003eec2e1bade6 | e6 ad 1b 2e ec 3e 00 00
RSI=0x0000029094086d20 points into unknown readable memory: 0x418fa5ec2e0452b9 | b9 52 04 2e ec a5 8f 41
RDI=0x00003eec2e1bade6 is an unknown value
R8 =0x0000000000010002 is an unknown value
R9 =0x00003eec2e1bade6 is an unknown value
R10=0x0000000000008000 is an unknown value
R11=0x000000c96d4fef70 points into unknown readable memory: 0x0000029094086d20 | 20 6d 08 94 90 02 00 00
R12=0x00007ffd7d064354 glass.dll
R13=0x00000290f119fa40 points into unknown readable memory: 0x8000000900000001 | 01 00 00 00 09 00 00 80
R14=0x000000c96d4ff0d8 points into unknown readable memory: 0x000000c96d4ff0c0 | c0 f0 4f 6d c9 00 00 00
R15=0x0000029094086d20 points into unknown readable memory: 0x418fa5ec2e0452b9 | b9 52 04 2e ec a5 8f 41


Registers:
RAX=0x0000000000000000, RBX=0x0000029092b89a78, RCX=0x0000029092b762e0, RDX=0x000000c96d4fefe0
RSP=0x000000c96d4fefe0, RBP=0x0000029094086d48, RSI=0x0000029094086d20, RDI=0x00003eec2e1bade6
R8 =0x0000000000010002, R9 =0x00003eec2e1bade6, R10=0x0000000000008000, R11=0x000000c96d4fef70
R12=0x00007ffd7d064354, R13=0x00000290f119fa40, R14=0x000000c96d4ff0d8, R15=0x0000029094086d20
RIP=0x00007ffd7d066a87, EFLAGS=0x0000000000010206

Top of Stack: (sp=0x000000c96d4fefe0)
0x000000c96d4fefe0:   0000000000000000 0000029094086d20
0x000000c96d4feff0:   00000290f119fa40 00007ffd7d064354
0x000000c96d4ff000:   0000029094086d28 00007ffdb4bf42d6
0x000000c96d4ff010:   00003eec2e1bade6 0000029000000000
0x000000c96d4ff020:   0000029094086d48 0000029094086d20
0x000000c96d4ff030:   fffffffffffffffe 0000000000000000
0x000000c96d4ff040:   0000000000000001 00007ffd7d040000
0x000000c96d4ff050:   000000c96d4ff0c8 00007ffdb4bf41fb
0x000000c96d4ff060:   0000000000000000 000000c96d4ff0d8
0x000000c96d4ff070:   000000c96d4ff3a0 00007ffdb4cd0e40
0x000000c96d4ff080:   0000000000000001 00007ffdb4bf41b4
0x000000c96d4ff090:   0000000000000000 0000000000000001
0x000000c96d4ff0a0:   00007ffdafef2dd0 000000c96d4ff0c8
0x000000c96d4ff0b0:   000000000000000d 00007ffd7d0641e1
0x000000c96d4ff0c0:   00007ffd7d07a138 00007ffd00000002
0x000000c96d4ff0d0:   0000000000000002 000000c96d4ff0c0 

Instructions: (pc=0x00007ffd7d066a87)
0x00007ffd7d066987:   8b 4d 58 e8 01 cf ff ff 48 8b 4d 60 e8 f8 ce ff
0x00007ffd7d066997:   ff 48 8b 95 80 00 00 00 48 8b 8d 18 01 00 00 e8
0x00007ffd7d0669a7:   c6 c3 ff ff 33 d2 33 c9 e8 3c e1 ff ff 90 48 89
0x00007ffd7d0669b7:   54 24 10 55 48 83 ec 20 48 8b ea 48 b8 00 00 00
0x00007ffd7d0669c7:   00 00 00 00 00 48 83 c4 20 5d c3 cc 40 55 48 8b
0x00007ffd7d0669d7:   ea 48 8b 01 33 c9 81 38 05 00 00 c0 0f 94 c1 8b
0x00007ffd7d0669e7:   c1 5d c3 cc 40 55 48 83 ec 20 48 8b ea 8a 4d 40
0x00007ffd7d0669f7:   48 83 c4 20 5d e9 f7 d2 ff ff cc 40 55 48 83 ec
0x00007ffd7d066a07:   20 48 8b ea 8a 4d 20 e8 e5 d2 ff ff 90 48 83 c4
0x00007ffd7d066a17:   20 5d c3 cc 40 55 48 83 ec 20 48 8b ea 48 83 c4
0x00007ffd7d066a27:   20 5d e9 46 d1 ff ff cc 40 55 48 83 ec 30 48 8b
0x00007ffd7d066a37:   ea 48 8b 01 8b 10 48 89 4c 24 28 89 54 24 20 4c
0x00007ffd7d066a47:   8d 0d e7 d5 ff ff 4c 8b 45 70 8b 55 68 48 8b 4d
0x00007ffd7d066a57:   60 e8 87 d0 ff ff 90 48 83 c4 30 5d c3 cc cc cc
0x00007ffd7d066a67:   cc cc cc cc cc cc cc cc cc 40 53 48 83 ec 20 48
0x00007ffd7d066a77:   8b 1d b3 30 01 00 48 85 db 74 16 e8 09 8b ff ff
0x00007ffd7d066a87:   4c 8b 00 48 8b d3 48 8b c8 41 ff 90 b0 00 00 00
0x00007ffd7d066a97:   90 48 83 c4 20 5b c3 cc cc 40 53 48 83 ec 20 48
0x00007ffd7d066aa7:   8b 1d 2b 32 01 00 48 85 db 74 57 b8 ff ff ff ff
0x00007ffd7d066ab7:   f0 0f c1 43 10 83 f8 01 75 3d 48 85 db 74 38 48
0x00007ffd7d066ac7:   8b 0b 48 85 c9 74 0d ff 15 d4 07 00 00 48 c7 03
0x00007ffd7d066ad7:   00 00 00 00 48 8b 4b 08 48 85 c9 74 0d e8 a7 cd
0x00007ffd7d066ae7:   ff ff 48 c7 43 08 00 00 00 00 ba 18 00 00 00 48
0x00007ffd7d066af7:   8b cb e8 92 cd ff ff 48 c7 05 cf 31 01 00 00 00
0x00007ffd7d066b07:   00 00 48 83 c4 20 5b c3 cc 40 53 48 83 ec 20 48
0x00007ffd7d066b17:   8b 1d 9b 31 01 00 48 85 db 74 57 b8 ff ff ff ff
0x00007ffd7d066b27:   f0 0f c1 43 10 83 f8 01 75 3d 48 85 db 74 38 48
0x00007ffd7d066b37:   8b 0b 48 85 c9 74 0d ff 15 64 07 00 00 48 c7 03
0x00007ffd7d066b47:   00 00 00 00 48 8b 4b 08 48 85 c9 74 0d e8 37 cd
0x00007ffd7d066b57:   ff ff 48 c7 43 08 00 00 00 00 ba 18 00 00 00 48
0x00007ffd7d066b67:   8b cb e8 22 cd ff ff 48 c7 05 3f 31 01 00 00 00
0x00007ffd7d066b77:   00 00 48 83 c4 20 5b c3 cc 40 53 48 83 ec 20 48 


Stack slot to memory mapping:
stack at sp + 0 slots: 0x0 is NULL
stack at sp + 1 slots: 0x0000029094086d20 points into unknown readable memory: 0x418fa5ec2e0452b9 | b9 52 04 2e ec a5 8f 41
stack at sp + 2 slots: 0x00000290f119fa40 points into unknown readable memory: 0x8000000900000001 | 01 00 00 00 09 00 00 80
stack at sp + 3 slots: 0x00007ffd7d064354 glass.dll
stack at sp + 4 slots: 0x0000029094086d28 points into unknown readable memory: 0x00003eec2e1bade6 | e6 ad 1b 2e ec 3e 00 00
stack at sp + 5 slots: 0x00007ffdb4bf42d6 ucrtbase.dll
stack at sp + 6 slots: 0x00003eec2e1bade6 is an unknown value
stack at sp + 7 slots: 0x0000029000000000 is an unknown value

VM_Operation (0x000000c96e6f8d80): Exit, mode: safepoint, requested by thread 0x0000029092b9a070


---------------  P R O C E S S  ---------------

Threads class SMR info:
_java_thread_list=0x000002909cbb9080, length=20, elements={
0x00000290f1132e20, 0x0000029092b79410, 0x0000029092b7c4c0, 0x0000029092b923a0,
0x0000029092b92cb0, 0x0000029092b95770, 0x0000029092b99b20, 0x0000029092b9fd80,
0x0000029092ba8790, 0x0000029092bbd4d0, 0x0000029092b9c050, 0x0000029092b9a5c0,
0x0000029092b9b060, 0x0000029092b9caf0, 0x0000029092b9a070, 0x0000029093edccb0,
0x0000029093edec90, 0x0000029093ee31a0, 0x0000029093ede740, 0x0000029093edd200
}

Java Threads: ( => current thread )
  0x00000290f1132e20 JavaThread "main" [_thread_blocked, id=23248, stack(0x000000c96ce00000,0x000000c96cf00000)]
  0x0000029092b79410 JavaThread "Reference Handler" daemon [_thread_blocked, id=4736, stack(0x000000c96d500000,0x000000c96d600000)]
  0x0000029092b7c4c0 JavaThread "Finalizer" daemon [_thread_blocked, id=24184, stack(0x000000c96d600000,0x000000c96d700000)]
  0x0000029092b923a0 JavaThread "Signal Dispatcher" daemon [_thread_blocked, id=25796, stack(0x000000c96d700000,0x000000c96d800000)]
  0x0000029092b92cb0 JavaThread "Attach Listener" daemon [_thread_blocked, id=28088, stack(0x000000c96d800000,0x000000c96d900000)]
  0x0000029092b95770 JavaThread "Service Thread" daemon [_thread_blocked, id=26764, stack(0x000000c96d900000,0x000000c96da00000)]
  0x0000029092b99b20 JavaThread "Monitor Deflation Thread" daemon [_thread_blocked, id=14500, stack(0x000000c96da00000,0x000000c96db00000)]
  0x0000029092b9fd80 JavaThread "C2 CompilerThread0" daemon [_thread_blocked, id=21932, stack(0x000000c96db00000,0x000000c96dc00000)]
  0x0000029092ba8790 JavaThread "C1 CompilerThread0" daemon [_thread_blocked, id=25548, stack(0x000000c96dc00000,0x000000c96dd00000)]
  0x0000029092bbd4d0 JavaThread "Sweeper thread" daemon [_thread_blocked, id=28016, stack(0x000000c96dd00000,0x000000c96de00000)]
  0x0000029092b9c050 JavaThread "Common-Cleaner" daemon [_thread_blocked, id=28548, stack(0x000000c96de00000,0x000000c96df00000)]
  0x0000029092b9a5c0 JavaThread "Notification Thread" daemon [_thread_blocked, id=3224, stack(0x000000c96e100000,0x000000c96e200000)]
  0x0000029092b9b060 JavaThread "QuantumRenderer-0" daemon [_thread_blocked, id=21192, stack(0x000000c96e300000,0x000000c96e400000)]
  0x0000029092b9caf0 JavaThread "InvokeLaterDispatcher" daemon [_thread_blocked, id=1724, stack(0x000000c96e000000,0x000000c96e100000)]
  0x0000029092b9a070 JavaThread "JavaFX Application Thread" [_thread_blocked, id=26888, stack(0x000000c96e600000,0x000000c96e700000)]
  0x0000029093edccb0 JavaThread "JavaFX-Launcher" [_thread_blocked, id=21004, stack(0x000000c96ee00000,0x000000c96ef00000)]
  0x0000029093edec90 JavaThread "Thread-2" daemon [_thread_in_native, id=29196, stack(0x000000c96ed00000,0x000000c96ee00000)]
  0x0000029093ee31a0 JavaThread "Prism Font Disposer" daemon [_thread_blocked, id=24216, stack(0x000000c96f400000,0x000000c96f500000)]
  0x0000029093ede740 JavaThread "Cleaner-0" daemon [_thread_blocked, id=17032, stack(0x000000c96f600000,0x000000c96f700000)]
  0x0000029093edd200 JavaThread "mysql-cj-abandoned-connection-cleanup" daemon [_thread_blocked, id=22464, stack(0x000000c96fd00000,0x000000c96fe00000)]

Other Threads:
=>0x0000029092b762e0 VMThread "VM Thread" [stack: 0x000000c96d400000,0x000000c96d500000] [id=16912]
  0x00000290f117e520 GCTaskThread "GC Thread#0" [stack: 0x000000c96cf00000,0x000000c96d000000] [id=28100]
  0x00000290940b01d0 GCTaskThread "GC Thread#1" [stack: 0x000000c96ef00000,0x000000c96f000000] [id=24492]
  0x00000290941a7a70 GCTaskThread "GC Thread#2" [stack: 0x000000c96f000000,0x000000c96f100000] [id=6412]
  0x00000290940e4da0 GCTaskThread "GC Thread#3" [stack: 0x000000c96f100000,0x000000c96f200000] [id=28588]
  0x00000290941a9260 GCTaskThread "GC Thread#4" [stack: 0x000000c96f200000,0x000000c96f300000] [id=3420]
  0x00000290941a9570 GCTaskThread "GC Thread#5" [stack: 0x000000c96f300000,0x000000c96f400000] [id=24316]
  0x00000290944c0860 GCTaskThread "GC Thread#6" [stack: 0x000000c96df00000,0x000000c96e000000] [id=29596]
  0x00000290944bfc20 GCTaskThread "GC Thread#7" [stack: 0x000000c96fa00000,0x000000c96fb00000] [id=23008]
  0x00000290f118d670 ConcurrentGCThread "G1 Main Marker" terminated
  0x00000290f118e900 ConcurrentGCThread "G1 Conc#0" [stack: 0x000000c96d100000,0x000000c96d200000] [id=28904]
  0x00000290944c0240 ConcurrentGCThread "G1 Conc#1" [stack: 0x000000c970000000,0x000000c970100000] [id=28364]
  0x0000029092a320b0 ConcurrentGCThread "G1 Refine#0" terminated
  0x0000029092a32a30 ConcurrentGCThread "G1 Service" terminated

Threads with active compile tasks:

VM state: at safepoint (shutting down)

VM Mutex/Monitor currently owned by a thread:  ([mutex/lock_event])
[0x00000290ef15b670] Threads_lock - owner thread: 0x0000029092b762e0
[0x00000290ef15b0d0] Heap_lock - owner thread: 0x0000029092b9a070

Heap address: 0x0000000720c00000, size: 3572 MB, Compressed Oops mode: Zero based, Oop shift amount: 3

CDS archive(s) mapped at: [0x0000000800000000-0x0000000800bb0000-0x0000000800bb0000), size 12255232, SharedBaseAddress: 0x0000000800000000, ArchiveRelocationMode: 0.
Compressed class space mapped at: 0x0000000800c00000-0x0000000840c00000, reserved size: 1073741824
Narrow klass base: 0x0000000800000000, Narrow klass shift: 3, Narrow klass range: 0x100000000

GC Precious Log:
 CPUs: 8 total, 8 available
 Memory: 14284M
 Large Page Support: Disabled
 NUMA Support: Disabled
 Compressed Oops: Enabled (Zero based)
 Heap Region Size: 2M
 Heap Min Capacity: 8M
 Heap Initial Capacity: 224M
 Heap Max Capacity: 3572M
 Pre-touch: Disabled
 Parallel Workers: 8
 Concurrent Workers: 2
 Concurrent Refinement Workers: 8
 Periodic GC: Disabled

Heap:
 garbage-first heap   total 73728K, used 40459K [0x0000000720c00000, 0x0000000800000000)
  region size 2048K, 3 young (6144K), 2 survivors (4096K)
 Metaspace       used 27382K, committed 27648K, reserved 1081344K
  class space    used 3591K, committed 3712K, reserved 1048576K

Heap Regions: E=young(eden), S=young(survivor), O=old, HS=humongous(starts), HC=humongous(continues), CS=collection set, F=free, OA=open archive, CA=closed archive, TAMS=top-at-mark-start (previous, next)
|   0|0x0000000720c00000, 0x0000000720e00000, 0x0000000720e00000|100%|HS|  |TAMS 0x0000000720e00000, 0x0000000720c00000| Complete 
|   1|0x0000000720e00000, 0x0000000721000000, 0x0000000721000000|100%|HS|  |TAMS 0x0000000721000000, 0x0000000720e00000| Complete 
|   2|0x0000000721000000, 0x0000000721095600, 0x0000000721200000| 29%| O|  |TAMS 0x0000000721095600, 0x0000000721000000| Untracked 
|   3|0x0000000721200000, 0x0000000721400000, 0x0000000721400000|100%|HS|  |TAMS 0x0000000721200000, 0x0000000721200000| Complete 
|   4|0x0000000721400000, 0x0000000721600000, 0x0000000721600000|100%|HS|  |TAMS 0x0000000721400000, 0x0000000721400000| Complete 
|   5|0x0000000721600000, 0x0000000721800000, 0x0000000721800000|100%|HS|  |TAMS 0x0000000721600000, 0x0000000721600000| Complete 
|   6|0x0000000721800000, 0x0000000721a00000, 0x0000000721a00000|100%|HS|  |TAMS 0x0000000721800000, 0x0000000721800000| Complete 
|   7|0x0000000721a00000, 0x0000000721c00000, 0x0000000721c00000|100%|HS|  |TAMS 0x0000000721a00000, 0x0000000721a00000| Complete 
|   8|0x0000000721c00000, 0x0000000721e00000, 0x0000000721e00000|100%|HS|  |TAMS 0x0000000721c00000, 0x0000000721c00000| Complete 
|   9|0x0000000721e00000, 0x0000000722000000, 0x0000000722000000|100%|HS|  |TAMS 0x0000000721e00000, 0x0000000721e00000| Complete 
|  10|0x0000000722000000, 0x0000000722200000, 0x0000000722200000|100%|HS|  |TAMS 0x0000000722000000, 0x0000000722000000| Complete 
|  11|0x0000000722200000, 0x0000000722400000, 0x0000000722400000|100%| O|  |TAMS 0x0000000722200000, 0x0000000722200000| Untracked 
|  12|0x0000000722400000, 0x0000000722600000, 0x0000000722600000|100%|HS|  |TAMS 0x0000000722400000, 0x0000000722400000| Complete 
|  13|0x0000000722600000, 0x0000000722800000, 0x0000000722800000|100%| O|  |TAMS 0x0000000722600000, 0x0000000722600000| Untracked 
|  14|0x0000000722800000, 0x0000000722a00000, 0x0000000722a00000|100%| O|  |TAMS 0x0000000722800000, 0x0000000722800000| Untracked 
|  15|0x0000000722a00000, 0x0000000722aed600, 0x0000000722c00000| 46%| O|  |TAMS 0x0000000722a00000, 0x0000000722a00000| Untracked 
|  16|0x0000000722c00000, 0x0000000722c00000, 0x0000000722e00000|  0%| F|  |TAMS 0x0000000722c00000, 0x0000000722c00000| Untracked 
|  17|0x0000000722e00000, 0x0000000722e00000, 0x0000000723000000|  0%| F|  |TAMS 0x0000000722e00000, 0x0000000722e00000| Untracked 
|  18|0x0000000723000000, 0x0000000723000000, 0x0000000723200000|  0%| F|  |TAMS 0x0000000723000000, 0x0000000723000000| Untracked 
|  19|0x0000000723200000, 0x0000000723400000, 0x0000000723400000|100%| S|CS|TAMS 0x0000000723200000, 0x0000000723200000| Complete 
|  20|0x0000000723400000, 0x0000000723600000, 0x0000000723600000|100%| S|CS|TAMS 0x0000000723400000, 0x0000000723400000| Complete 
|  21|0x0000000723600000, 0x0000000723600000, 0x0000000723800000|  0%| F|  |TAMS 0x0000000723600000, 0x0000000723600000| Untracked 
|  22|0x0000000723800000, 0x0000000723800000, 0x0000000723a00000|  0%| F|  |TAMS 0x0000000723800000, 0x0000000723800000| Untracked 
|  23|0x0000000723a00000, 0x0000000723a00000, 0x0000000723c00000|  0%| F|  |TAMS 0x0000000723a00000, 0x0000000723a00000| Untracked 
|  24|0x0000000723c00000, 0x0000000723c00000, 0x0000000723e00000|  0%| F|  |TAMS 0x0000000723c00000, 0x0000000723c00000| Untracked 
|  25|0x0000000723e00000, 0x0000000723e00000, 0x0000000724000000|  0%| F|  |TAMS 0x0000000723e00000, 0x0000000723e00000| Untracked 
|  26|0x0000000724000000, 0x0000000724000000, 0x0000000724200000|  0%| F|  |TAMS 0x0000000724000000, 0x0000000724000000| Untracked 
|  99|0x000000072d200000, 0x000000072d200000, 0x000000072d400000|  0%| F|  |TAMS 0x000000072d200000, 0x000000072d200000| Untracked 
| 100|0x000000072d400000, 0x000000072d400000, 0x000000072d600000|  0%| F|  |TAMS 0x000000072d400000, 0x000000072d400000| Untracked 
| 101|0x000000072d600000, 0x000000072d600000, 0x000000072d800000|  0%| F|  |TAMS 0x000000072d600000, 0x000000072d600000| Untracked 
| 102|0x000000072d800000, 0x000000072d800000, 0x000000072da00000|  0%| F|  |TAMS 0x000000072d800000, 0x000000072d800000| Untracked 
| 103|0x000000072da00000, 0x000000072da00000, 0x000000072dc00000|  0%| F|  |TAMS 0x000000072da00000, 0x000000072da00000| Untracked 
| 111|0x000000072ea00000, 0x000000072eb36590, 0x000000072ec00000| 60%| E|  |TAMS 0x000000072ea00000, 0x000000072ea00000| Complete 
|1783|0x00000007ffa00000, 0x00000007ffc00000, 0x00000007ffc00000|100%| O|  |TAMS 0x00000007ffa00000, 0x00000007ffa00000| Untracked 
|1784|0x00000007ffc00000, 0x00000007ffe00000, 0x00000007ffe00000|100%| O|  |TAMS 0x00000007ffc00000, 0x00000007ffc00000| Untracked 
|1785|0x00000007ffe00000, 0x0000000800000000, 0x0000000800000000|100%| O|  |TAMS 0x00000007ffe00000, 0x00000007ffe00000| Untracked 

Card table byte_map: [0x00000290f92e0000,0x00000290f99e0000] _byte_map_base: 0x00000290f59da000

Marking Bits (Prev, Next): (CMBitMap*) 0x00000290f117ec50, (CMBitMap*) 0x00000290f117ec10
 Prev Bits: [0x000002908f000000, 0x00000290927d0000)
 Next Bits: [0x00000290fa0e0000, 0x00000290fd8b0000)

Polling page: 0x00000290f0910000

Metaspace:

Usage:
  Non-class:     23.23 MB used.
      Class:      3.51 MB used.
       Both:     26.74 MB used.

Virtual space:
  Non-class space:       32.00 MB reserved,      23.38 MB ( 73%) committed,  4 nodes.
      Class space:        1.00 GB reserved,       3.62 MB ( <1%) committed,  1 nodes.
              Both:        1.03 GB reserved,      27.00 MB (  3%) committed. 

Chunk freelists:
   Non-Class:  3.98 MB
       Class:  393.00 KB
        Both:  4.37 MB

MaxMetaspaceSize: 17179869184.00 GB
CompressedClassSpaceSize: 1.00 GB
 - commit_granule_bytes: 65536.
 - commit_granule_words: 8192.
 - virtual_space_node_default_size: 1048576.
 - enlarge_chunks_in_place: 1.
 - new_chunks_are_fully_committed: 0.
 - uncommit_free_chunks: 1.
 - use_allocation_guard: 0.
 - handle_deallocations: 1.


Internal statistics:

num_allocs_failed_limit: 3.
num_arena_births: 266.
num_arena_deaths: 0.
num_vsnodes_births: 5.
num_vsnodes_deaths: 0.
num_space_committed: 432.
num_space_uncommitted: 0.
num_chunks_returned_to_freelist: 3.
num_chunks_taken_from_freelist: 1096.
num_chunk_merges: 3.
num_chunk_splits: 728.
num_chunks_enlarged: 565.
num_purges: 0.

CodeHeap 'non-profiled nmethods': size=120000Kb used=2556Kb max_used=2556Kb free=117443Kb
 bounds [0x0000029087ad0000, 0x0000029087d50000, 0x000002908f000000]
CodeHeap 'profiled nmethods': size=120000Kb used=10370Kb max_used=10370Kb free=109629Kb
 bounds [0x00000290805a0000, 0x0000029080fd0000, 0x0000029087ad0000]
CodeHeap 'non-nmethods': size=5760Kb used=1526Kb max_used=1595Kb free=4233Kb
 bounds [0x0000029080000000, 0x0000029080270000, 0x00000290805a0000]
 total_blobs=5966 nmethods=5062 adapters=814
 compilation: enabled
              stopped_count=0, restarted_count=0
 full_count=0

Compilation events (20 events):
Event: 37.794 Thread 0x0000029092ba8790 5054       3       java.lang.Throwable$WrappedPrintStream::println (9 bytes)
Event: 37.794 Thread 0x0000029092ba8790 nmethod 5054 0x0000029080fba090 code [0x0000029080fba240, 0x0000029080fba3a8]
Event: 37.794 Thread 0x0000029092ba8790 5055       3       java.lang.StackTraceElement::toString (322 bytes)
Event: 37.797 Thread 0x0000029092ba8790 nmethod 5055 0x0000029080fba490 code [0x0000029080fbab00, 0x0000029080fbd9b8]
Event: 37.797 Thread 0x0000029092ba8790 5056       3       java.lang.StackTraceElement::dropClassLoaderName (16 bytes)
Event: 37.797 Thread 0x0000029092ba8790 nmethod 5056 0x0000029080fbe810 code [0x0000029080fbe9a0, 0x0000029080fbeb18]
Event: 38.142 Thread 0x0000029092ba8790 5057       3       javafx.animation.Animation::getCycleCount (19 bytes)
Event: 38.142 Thread 0x0000029092ba8790 nmethod 5057 0x0000029080fbeb90 code [0x0000029080fbed40, 0x0000029080fbf0c8]
Event: 38.688 Thread 0x0000029092ba8790 5058       3       javafx.scene.input.MouseEvent::copyFor (17 bytes)
Event: 38.688 Thread 0x0000029092ba8790 nmethod 5058 0x0000029080fbf210 code [0x0000029080fbf3c0, 0x0000029080fbf608]
Event: 46.134 Thread 0x0000029092ba8790 5059       3       javafx.scene.Node::focusedPropertyImpl (24 bytes)
Event: 46.134 Thread 0x0000029092ba8790 nmethod 5059 0x0000029080fbf710 code [0x0000029080fbf8e0, 0x0000029080fbfd58]
Event: 46.624 Thread 0x0000029092b9fd80 5060       4       com.sun.javafx.geom.Vec3d::length (33 bytes)
Event: 46.624 Thread 0x0000029092b9fd80 nmethod 5060 0x0000029087d4ec90 code [0x0000029087d4ee00, 0x0000029087d4ee98]
Event: 46.692 Thread 0x0000029092ba8790 5061       3       com.sun.javafx.scene.ParentHelper::pickNodeLocalImpl (12 bytes)
Event: 46.692 Thread 0x0000029092ba8790 nmethod 5061 0x0000029080fbff10 code [0x0000029080fc00e0, 0x0000029080fc03e8]
Event: 46.692 Thread 0x0000029092ba8790 5062       3       javafx.scene.Parent$1::doPickNodeLocal (10 bytes)
Event: 46.692 Thread 0x0000029092ba8790 nmethod 5062 0x0000029080fc0510 code [0x0000029080fc06c0, 0x0000029080fc0908]
Event: 47.204 Thread 0x0000029092b9fd80 5063       4       com.sun.javafx.event.CompositeEventDispatcher::dispatchBubblingEvent (35 bytes)
Event: 47.205 Thread 0x0000029092b9fd80 nmethod 5063 0x0000029087d4ef90 code [0x0000029087d4f120, 0x0000029087d4f218]

GC Heap History (10 events):
Event: 0.498 GC heap before
{Heap before GC invocations=0 (full 0):
 garbage-first heap   total 229376K, used 22528K [0x0000000720c00000, 0x0000000800000000)
  region size 2048K, 11 young (22528K), 0 survivors (0K)
 Metaspace       used 5626K, committed 5760K, reserved 1056768K
  class space    used 648K, committed 704K, reserved 1048576K
}
Event: 0.501 GC heap after
{Heap after GC invocations=1 (full 0):
 garbage-first heap   total 229376K, used 2921K [0x0000000720c00000, 0x0000000800000000)
  region size 2048K, 2 young (4096K), 2 survivors (4096K)
 Metaspace       used 5626K, committed 5760K, reserved 1056768K
  class space    used 648K, committed 704K, reserved 1048576K
}
Event: 4.111 GC heap before
{Heap before GC invocations=1 (full 0):
 garbage-first heap   total 229376K, used 41833K [0x0000000720c00000, 0x0000000800000000)
  region size 2048K, 19 young (38912K), 2 survivors (4096K)
 Metaspace       used 14784K, committed 14976K, reserved 1064960K
  class space    used 2147K, committed 2240K, reserved 1048576K
}
Event: 4.116 GC heap after
{Heap after GC invocations=2 (full 0):
 garbage-first heap   total 229376K, used 10837K [0x0000000720c00000, 0x0000000800000000)
  region size 2048K, 3 young (6144K), 3 survivors (6144K)
 Metaspace       used 14784K, committed 14976K, reserved 1064960K
  class space    used 2147K, committed 2240K, reserved 1048576K
}
Event: 7.596 GC heap before
{Heap before GC invocations=2 (full 0):
 garbage-first heap   total 229376K, used 25173K [0x0000000720c00000, 0x0000000800000000)
  region size 2048K, 11 young (22528K), 3 survivors (6144K)
 Metaspace       used 21033K, committed 21248K, reserved 1073152K
  class space    used 2834K, committed 2944K, reserved 1048576K
}
Event: 7.601 GC heap after
{Heap after GC invocations=3 (full 0):
 garbage-first heap   total 229376K, used 13926K [0x0000000720c00000, 0x0000000800000000)
  region size 2048K, 5 young (10240K), 5 survivors (10240K)
 Metaspace       used 21033K, committed 21248K, reserved 1073152K
  class space    used 2834K, committed 2944K, reserved 1048576K
}
Event: 8.240 GC heap before
{Heap before GC invocations=4 (full 0):
 garbage-first heap   total 61440K, used 56934K [0x0000000720c00000, 0x0000000800000000)
  region size 2048K, 18 young (36864K), 5 survivors (10240K)
 Metaspace       used 26064K, committed 26368K, reserved 1073152K
  class space    used 3556K, committed 3712K, reserved 1048576K
}
Event: 8.249 GC heap after
{Heap after GC invocations=5 (full 0):
 garbage-first heap   total 73728K, used 33560K [0x0000000720c00000, 0x0000000800000000)
  region size 2048K, 3 young (6144K), 3 survivors (6144K)
 Metaspace       used 26064K, committed 26368K, reserved 1073152K
  class space    used 3556K, committed 3712K, reserved 1048576K
}
Event: 37.340 GC heap before
{Heap before GC invocations=5 (full 0):
 garbage-first heap   total 73728K, used 54040K [0x0000000720c00000, 0x0000000800000000)
  region size 2048K, 12 young (24576K), 3 survivors (6144K)
 Metaspace       used 27342K, committed 27584K, reserved 1073152K
  class space    used 3589K, committed 3712K, reserved 1048576K
}
Event: 37.346 GC heap after
{Heap after GC invocations=6 (full 0):
 garbage-first heap   total 73728K, used 40459K [0x0000000720c00000, 0x0000000800000000)
  region size 2048K, 2 young (4096K), 2 survivors (4096K)
 Metaspace       used 27342K, committed 27584K, reserved 1073152K
  class space    used 3589K, committed 3712K, reserved 1048576K
}

Deoptimization events (20 events):
Event: 10.673 Thread 0x0000029092b9b060 DEOPT PACKING pc=0x0000029087ce7540 sp=0x000000c96e3fe550
Event: 10.673 Thread 0x0000029092b9b060 DEOPT UNPACKING pc=0x000002908004d72e sp=0x000000c96e3fe470 mode 2
Event: 10.673 Thread 0x0000029092b9b060 Uncommon trap: trap_request=0xffffff45 fr.pc=0x0000029087d0ca8c relative=0x000000000000036c
Event: 10.673 Thread 0x0000029092b9b060 Uncommon trap: reason=unstable_if action=reinterpret pc=0x0000029087d0ca8c method=com.sun.prism.impl.VertexBuffer.addSuperQuad(FFFFFFFFZ)V @ 57 c2
Event: 10.673 Thread 0x0000029092b9b060 DEOPT PACKING pc=0x0000029087d0ca8c sp=0x000000c96e3fe3f0
Event: 10.673 Thread 0x0000029092b9b060 DEOPT UNPACKING pc=0x000002908004d72e sp=0x000000c96e3fe368 mode 2
Event: 10.673 Thread 0x0000029092b9b060 Uncommon trap: trap_request=0xffffff45 fr.pc=0x0000029087d00be4 relative=0x00000000000001a4
Event: 10.673 Thread 0x0000029092b9b060 Uncommon trap: reason=unstable_if action=reinterpret pc=0x0000029087d00be4 method=com.sun.javafx.font.directwrite.DWFontStrike.getQuantizedPosition(Lcom/sun/javafx/geom/Point2D;)I @ 23 c2
Event: 10.673 Thread 0x0000029092b9b060 DEOPT PACKING pc=0x0000029087d00be4 sp=0x000000c96e3fe510
Event: 10.673 Thread 0x0000029092b9b060 DEOPT UNPACKING pc=0x000002908004d72e sp=0x000000c96e3fe4a0 mode 2
Event: 10.674 Thread 0x0000029092b9b060 DEOPT PACKING pc=0x0000029080f3767f sp=0x000000c96e3fe270
Event: 10.674 Thread 0x0000029092b9b060 DEOPT UNPACKING pc=0x000002908004dece sp=0x000000c96e3fd6d8 mode 0
Event: 17.564 Thread 0x0000029092b9a070 Uncommon trap: trap_request=0xffffff45 fr.pc=0x0000029087bbf75c relative=0x000000000000029c
Event: 17.564 Thread 0x0000029092b9a070 Uncommon trap: reason=unstable_if action=reinterpret pc=0x0000029087bbf75c method=java.lang.CharacterDataLatin1.digit(II)I @ 12 c2
Event: 17.564 Thread 0x0000029092b9a070 DEOPT PACKING pc=0x0000029087bbf75c sp=0x000000c96e6f8860
Event: 17.564 Thread 0x0000029092b9a070 DEOPT UNPACKING pc=0x000002908004d72e sp=0x000000c96e6f8680 mode 2
Event: 35.023 Thread 0x0000029092b9a070 Uncommon trap: trap_request=0xffffff45 fr.pc=0x0000029087cce03c relative=0x000000000000011c
Event: 35.023 Thread 0x0000029092b9a070 Uncommon trap: reason=unstable_if action=reinterpret pc=0x0000029087cce03c method=com.sun.javafx.text.TextRun.getPosX(I)F @ 75 c2
Event: 35.023 Thread 0x0000029092b9a070 DEOPT PACKING pc=0x0000029087cce03c sp=0x000000c96e6f8380
Event: 35.023 Thread 0x0000029092b9a070 DEOPT UNPACKING pc=0x000002908004d72e sp=0x000000c96e6f8318 mode 2

Classes unloaded (0 events):
No events

Classes redefined (0 events):
No events

Internal exceptions (20 events):
Event: 3.248 Thread 0x0000029092b9a070 Exception <a 'java/lang/NoSuchMethodError'{0x000000072ca99378}: 'long java.lang.invoke.DirectMethodHandle$Holder.invokeStaticInit(java.lang.Object, java.lang.Object, java.lang.Object)'> (0x000000072ca99378) 
thrown [t:\workspace\open\src\hotspot\share\interpreter\linkResolver.cpp, line 790]
Event: 3.252 Thread 0x0000029092b9a070 Exception <a 'java/lang/NoSuchMethodError'{0x000000072cab1298}: 'java.lang.Object java.lang.invoke.DirectMethodHandle$Holder.newInvokeSpecial(java.lang.Object, java.lang.Object, long)'> (0x000000072cab1298) 
thrown [t:\workspace\open\src\hotspot\share\interpreter\linkResolver.cpp, line 790]
Event: 3.252 Thread 0x0000029092b9a070 Exception <a 'java/lang/NoSuchMethodError'{0x000000072cab5008}: 'java.lang.Object java.lang.invoke.Invokers$Holder.linkToTargetMethod(java.lang.Object, long, java.lang.Object)'> (0x000000072cab5008) 
thrown [t:\workspace\open\src\hotspot\share\interpreter\linkResolver.cpp, line 790]
Event: 7.265 Thread 0x0000029092b9a070 Exception <a 'java/lang/NoSuchMethodError'{0x000000072e936130}: 'java.lang.Object java.lang.invoke.DirectMethodHandle$Holder.invokeInterface(java.lang.Object, java.lang.Object)'> (0x000000072e936130) 
thrown [t:\workspace\open\src\hotspot\share\interpreter\linkResolver.cpp, line 790]
Event: 7.279 Thread 0x0000029092b9a070 Exception <a 'java/lang/NoSuchMethodError'{0x000000072e9bdfe0}: 'java.lang.Object java.lang.invoke.DirectMethodHandle$Holder.invokeVirtual(java.lang.Object, java.lang.Object, java.lang.Object)'> (0x000000072e9bdfe0) 
thrown [t:\workspace\open\src\hotspot\share\interpreter\linkResolver.cpp, line 790]
Event: 7.455 Thread 0x0000029092b9a070 Exception <a 'sun/nio/fs/WindowsException'{0x000000072e121c30}> (0x000000072e121c30) 
thrown [t:\workspace\open\src\hotspot\share\prims\jni.cpp, line 579]
Event: 7.466 Thread 0x0000029092b9a070 Exception <a 'java/lang/NoSuchMethodError'{0x000000072e14c890}: 'int java.lang.invoke.DirectMethodHandle$Holder.invokeStaticInit(java.lang.Object, java.lang.Object, java.lang.Object, java.lang.Object)'> (0x000000072e14c890) 
thrown [t:\workspace\open\src\hotspot\share\interpreter\linkResolver.cpp, line 790]
Event: 7.467 Thread 0x0000029092b9a070 Exception <a 'java/lang/IncompatibleClassChangeError'{0x000000072e156450}: Found class java.lang.Object, but interface was expected> (0x000000072e156450) 
thrown [t:\workspace\open\src\hotspot\share\interpreter\linkResolver.cpp, line 857]
Event: 7.503 Thread 0x0000029092b9a070 Exception <a 'java/lang/NoSuchMethodError'{0x000000072df5f9b0}: 'java.lang.Object java.lang.invoke.DirectMethodHandle$Holder.invokeStaticInit(java.lang.Object, int, int, int, int)'> (0x000000072df5f9b0) 
thrown [t:\workspace\open\src\hotspot\share\interpreter\linkResolver.cpp, line 790]
Event: 7.542 Thread 0x0000029092b9a070 Exception <a 'java/lang/NoSuchMethodError'{0x000000072dfc8598}: 'java.lang.Object java.lang.invoke.DirectMethodHandle$Holder.invokeStaticInit(java.lang.Object, java.lang.Object, int, int, int, int)'> (0x000000072dfc8598) 
thrown [t:\workspace\open\src\hotspot\share\interpreter\linkResolver.cpp, line 790]
Event: 8.001 Thread 0x0000029092b9a070 Exception <a 'java/io/FileNotFoundException'{0x0000000722e5ced0}> (0x0000000722e5ced0) 
thrown [t:\workspace\open\src\hotspot\share\prims\jni.cpp, line 579]
Event: 8.007 Thread 0x0000029092b9a070 Exception <a 'java/lang/ClassNotFoundException'{0x0000000722e9e1c8}: com/sun/javafx/scene/control/skin/resources/controls-nt> (0x0000000722e9e1c8) 
thrown [t:\workspace\open\src\hotspot\share\prims\jni.cpp, line 600]
Event: 8.007 Thread 0x0000029092b9a070 Exception <a 'java/lang/ClassNotFoundException'{0x0000000722ea6a60}: com/sun/javafx/scene/control/skin/resources/controls-nt_ru> (0x0000000722ea6a60) 
thrown [t:\workspace\open\src\hotspot\share\prims\jni.cpp, line 600]
Event: 8.008 Thread 0x0000029092b9a070 Exception <a 'java/lang/ClassNotFoundException'{0x0000000722ea89e0}: com/sun/javafx/scene/control/skin/resources/controls-nt_ru_RU> (0x0000000722ea89e0) 
thrown [t:\workspace\open\src\hotspot\share\prims\jni.cpp, line 600]
Event: 8.164 Thread 0x0000029092b9a070 Exception <a 'java/lang/NoSuchMethodError'{0x000000072266a650}: 'void java.lang.invoke.DirectMethodHandle$Holder.invokeSpecialIFC(java.lang.Object, java.lang.Object, java.lang.Object, java.lang.Object)'> (0x000000072266a650) 
thrown [t:\workspace\open\src\hotspot\share\interpreter\linkResolver.cpp, line 790]
Event: 8.209 Thread 0x0000029092b9a070 Exception <a 'java/lang/NoSuchMethodError'{0x00000007224a40a8}: 'int java.lang.invoke.DirectMethodHandle$Holder.invokeSpecial(java.lang.Object, java.lang.Object, int)'> (0x00000007224a40a8) 
thrown [t:\workspace\open\src\hotspot\share\interpreter\linkResolver.cpp, line 790]
Event: 10.640 Thread 0x0000029092b9a070 Exception <a 'java/io/FileNotFoundException'{0x00000007238ef928}> (0x00000007238ef928) 
thrown [t:\workspace\open\src\hotspot\share\prims\jni.cpp, line 579]
Event: 16.743 Thread 0x0000029092b9a070 Exception <a 'java/lang/NoSuchMethodError'{0x000000072366d478}: 'java.lang.Object java.lang.invoke.DirectMethodHandle$Holder.newInvokeSpecial(java.lang.Object, java.lang.Object, int, int, int, int, int, java.lang.Object)'> (0x000000072366d478) 
thrown [t:\workspace\open\src\hotspot\share\interpreter\linkResolver.cpp, line 790]
Event: 16.744 Thread 0x0000029092b9a070 Exception <a 'java/lang/NoSuchMethodError'{0x0000000723681630}: 'java.lang.Object java.lang.invoke.DirectMethodHandle$Holder.newInvokeSpecial(java.lang.Object, java.lang.Object, java.lang.Object, int, int, int, int, int)'> (0x0000000723681630) 
thrown [t:\workspace\open\src\hotspot\share\interpreter\linkResolver.cpp, line 790]
Event: 16.744 Thread 0x0000029092b9a070 Exception <a 'java/lang/NoSuchMethodError'{0x0000000723689998}: 'java.lang.Object java.lang.invoke.Invokers$Holder.linkToTargetMethod(java.lang.Object, java.lang.Object, int, int, int, int, int, java.lang.Object)'> (0x0000000723689998) 
thrown [t:\workspace\open\src\hotspot\share\interpreter\linkResolver.cpp, line 790]

Events (20 events):
Event: 30.522 Executing  VM operation: Cleanup done
Event: 35.023 loading class java/text/StringCharacterIterator
Event: 35.023 loading class java/text/StringCharacterIterator done
Event: 35.526 Executing  VM operation: Cleanup
Event: 35.526 Executing  VM operation: Cleanup done
Event: 36.526 Executing  VM operation: Cleanup
Event: 36.526 Executing  VM operation: Cleanup done
Event: 37.340 Executing  VM operation: G1CollectForAllocation
Event: 37.347 Executing  VM operation: G1CollectForAllocation done
Event: 37.752 loading class jdk/internal/access/foreign/MemorySegmentProxy
Event: 37.752 loading class jdk/internal/access/foreign/MemorySegmentProxy done
Event: 38.347 Executing  VM operation: Cleanup
Event: 38.347 Executing  VM operation: Cleanup done
Event: 47.352 Executing  VM operation: Cleanup
Event: 47.352 Executing  VM operation: Cleanup done
Event: 47.742 Thread 0x0000029093ee36f0 Thread added: 0x0000029093ee36f0
Event: 47.742 Thread 0x0000029093edc760 Thread added: 0x0000029093edc760
Event: 47.743 Thread 0x0000029093edc760 Thread exited: 0x0000029093edc760
Event: 47.743 Thread 0x0000029093ee36f0 Thread exited: 0x0000029093ee36f0
Event: 47.743 Executing  VM operation: Exit


Dynamic libraries:
0x00007ff75f3d0000 - 0x00007ff75f3e0000 	C:\Program Files\Java\jdk-16.0.2\bin\java.exe
0x00007ffdb72f0000 - 0x00007ffdb74e7000 	C:\Windows\SYSTEM32\ntdll.dll
0x00007ffd7ecb0000 - 0x00007ffd7ecc6000 	C:\Program Files\Avast Software\Avast\aswhook.dll
0x00007ffdb6780000 - 0x00007ffdb683d000 	C:\Windows\System32\KERNEL32.DLL
0x00007ffdb4f20000 - 0x00007ffdb51ed000 	C:\Windows\System32\KERNELBASE.dll
0x00007ffdb4be0000 - 0x00007ffdb4ce0000 	C:\Windows\System32\ucrtbase.dll
0x00007ffd831f0000 - 0x00007ffd83208000 	C:\Program Files\Java\jdk-16.0.2\bin\jli.dll
0x00007ffda7bc0000 - 0x00007ffda7bd9000 	C:\Program Files\Java\jdk-16.0.2\bin\VCRUNTIME140.dll
0x00007ffdb6ff0000 - 0x00007ffdb709e000 	C:\Windows\System32\ADVAPI32.dll
0x00007ffdb5350000 - 0x00007ffdb53ee000 	C:\Windows\System32\msvcrt.dll
0x00007ffdb5400000 - 0x00007ffdb549c000 	C:\Windows\System32\sechost.dll
0x00007ffdb6840000 - 0x00007ffdb6965000 	C:\Windows\System32\RPCRT4.dll
0x00007ffdb6e50000 - 0x00007ffdb6ff0000 	C:\Windows\System32\USER32.dll
0x00007ffd8e620000 - 0x00007ffd8e8ba000 	C:\Windows\WinSxS\amd64_microsoft.windows.common-controls_6595b64144ccf1df_6.0.19041.1110_none_60b5254171f9507e\COMCTL32.dll
0x00007ffdb4ef0000 - 0x00007ffdb4f12000 	C:\Windows\System32\win32u.dll
0x00007ffdb5e40000 - 0x00007ffdb5e6a000 	C:\Windows\System32\GDI32.dll
0x00007ffdb4de0000 - 0x00007ffdb4eeb000 	C:\Windows\System32\gdi32full.dll
0x00007ffdacf40000 - 0x00007ffdacf4a000 	C:\Windows\SYSTEM32\VERSION.dll
0x00007ffdb52b0000 - 0x00007ffdb534d000 	C:\Windows\System32\msvcp_win.dll
0x00007ffdb6620000 - 0x00007ffdb6650000 	C:\Windows\System32\IMM32.DLL
0x00007ffdb2100000 - 0x00007ffdb210c000 	C:\Program Files\Java\jdk-16.0.2\bin\vcruntime140_1.dll
0x00007ffd7e420000 - 0x00007ffd7e4b1000 	C:\Program Files\Java\jdk-16.0.2\bin\msvcp140.dll
0x00007ffd1e580000 - 0x00007ffd1f12b000 	C:\Program Files\Java\jdk-16.0.2\bin\server\jvm.dll
0x00007ffdb53f0000 - 0x00007ffdb53f8000 	C:\Windows\System32\PSAPI.DLL
0x00007ffdacf10000 - 0x00007ffdacf37000 	C:\Windows\SYSTEM32\WINMM.dll
0x00007ffda20d0000 - 0x00007ffda20d9000 	C:\Windows\SYSTEM32\WSOCK32.dll
0x00007ffdb6970000 - 0x00007ffdb69db000 	C:\Windows\System32\WS2_32.dll
0x00007ffdb2930000 - 0x00007ffdb2942000 	C:\Windows\SYSTEM32\kernel.appcore.dll
0x00007ffdb0750000 - 0x00007ffdb075a000 	C:\Program Files\Java\jdk-16.0.2\bin\jimage.dll
0x00007ffdaa100000 - 0x00007ffdaa2e4000 	C:\Windows\SYSTEM32\DBGHELP.DLL
0x00007ffda3400000 - 0x00007ffda342c000 	C:\Windows\SYSTEM32\dbgcore.DLL
0x00007ffdb5220000 - 0x00007ffdb52a2000 	C:\Windows\System32\bcryptPrimitives.dll
0x00007ffda17d0000 - 0x00007ffda17f5000 	C:\Program Files\Java\jdk-16.0.2\bin\java.dll
0x00007ffdb54a0000 - 0x00007ffdb5be4000 	C:\Windows\System32\SHELL32.dll
0x00007ffdb2b30000 - 0x00007ffdb32c4000 	C:\Windows\SYSTEM32\windows.storage.dll
0x00007ffdb5ee0000 - 0x00007ffdb6234000 	C:\Windows\System32\combase.dll
0x00007ffdb43a0000 - 0x00007ffdb43cc000 	C:\Windows\SYSTEM32\Wldp.dll
0x00007ffdb7200000 - 0x00007ffdb72ad000 	C:\Windows\System32\SHCORE.dll
0x00007ffdb5e70000 - 0x00007ffdb5ec5000 	C:\Windows\System32\shlwapi.dll
0x00007ffdb4950000 - 0x00007ffdb496f000 	C:\Windows\SYSTEM32\profapi.dll
0x00007ffd9cbe0000 - 0x00007ffd9cbf9000 	C:\Program Files\Java\jdk-16.0.2\bin\net.dll
0x00007ffdaf400000 - 0x00007ffdaf50a000 	C:\Windows\SYSTEM32\WINHTTP.dll
0x00007ffdb4100000 - 0x00007ffdb416a000 	C:\Windows\system32\mswsock.dll
0x00007ffd9c650000 - 0x00007ffd9c663000 	C:\Program Files\Java\jdk-16.0.2\bin\nio.dll
0x00007ffd83190000 - 0x00007ffd831a8000 	C:\Program Files\Java\jdk-16.0.2\bin\zip.dll
0x00000290950e0000 - 0x00000290950e3000 	C:\Program Files\Java\javafx-sdk-17.0.1\bin\api-ms-win-core-console-l1-1-0.dll
0x00000290950f0000 - 0x00000290950f3000 	C:\Program Files\Java\javafx-sdk-17.0.1\bin\api-ms-win-core-console-l1-2-0.dll
0x0000029095100000 - 0x0000029095103000 	C:\Program Files\Java\javafx-sdk-17.0.1\bin\api-ms-win-core-datetime-l1-1-0.dll
0x0000029095110000 - 0x0000029095113000 	C:\Program Files\Java\javafx-sdk-17.0.1\bin\api-ms-win-core-debug-l1-1-0.dll
0x0000029095120000 - 0x0000029095123000 	C:\Program Files\Java\javafx-sdk-17.0.1\bin\api-ms-win-core-errorhandling-l1-1-0.dll
0x0000029095130000 - 0x0000029095134000 	C:\Program Files\Java\javafx-sdk-17.0.1\bin\api-ms-win-core-file-l1-1-0.dll
0x0000029095140000 - 0x0000029095143000 	C:\Program Files\Java\javafx-sdk-17.0.1\bin\api-ms-win-core-file-l1-2-0.dll
0x0000029095150000 - 0x0000029095153000 	C:\Program Files\Java\javafx-sdk-17.0.1\bin\api-ms-win-core-file-l2-1-0.dll
0x0000029095160000 - 0x0000029095163000 	C:\Program Files\Java\javafx-sdk-17.0.1\bin\api-ms-win-core-handle-l1-1-0.dll
0x0000029095170000 - 0x0000029095173000 	C:\Program Files\Java\javafx-sdk-17.0.1\bin\api-ms-win-core-heap-l1-1-0.dll
0x0000029095180000 - 0x0000029095183000 	C:\Program Files\Java\javafx-sdk-17.0.1\bin\api-ms-win-core-interlocked-l1-1-0.dll
0x0000029095190000 - 0x0000029095193000 	C:\Program Files\Java\javafx-sdk-17.0.1\bin\api-ms-win-core-libraryloader-l1-1-0.dll
0x00000290951a0000 - 0x00000290951a3000 	C:\Program Files\Java\javafx-sdk-17.0.1\bin\api-ms-win-core-localization-l1-2-0.dll
0x00000290951b0000 - 0x00000290951b3000 	C:\Program Files\Java\javafx-sdk-17.0.1\bin\api-ms-win-core-memory-l1-1-0.dll
0x00000290951c0000 - 0x00000290951c3000 	C:\Program Files\Java\javafx-sdk-17.0.1\bin\api-ms-win-core-namedpipe-l1-1-0.dll
0x00000290951d0000 - 0x00000290951d3000 	C:\Program Files\Java\javafx-sdk-17.0.1\bin\api-ms-win-core-processenvironment-l1-1-0.dll
0x00000290951e0000 - 0x00000290951e3000 	C:\Program Files\Java\javafx-sdk-17.0.1\bin\api-ms-win-core-processthreads-l1-1-0.dll
0x00000290951f0000 - 0x00000290951f3000 	C:\Program Files\Java\javafx-sdk-17.0.1\bin\api-ms-win-core-processthreads-l1-1-1.dll
0x0000029095200000 - 0x0000029095203000 	C:\Program Files\Java\javafx-sdk-17.0.1\bin\api-ms-win-core-profile-l1-1-0.dll
0x0000029095210000 - 0x0000029095213000 	C:\Program Files\Java\javafx-sdk-17.0.1\bin\api-ms-win-core-rtlsupport-l1-1-0.dll
0x0000029095220000 - 0x0000029095223000 	C:\Program Files\Java\javafx-sdk-17.0.1\bin\api-ms-win-core-string-l1-1-0.dll
0x0000029095230000 - 0x0000029095233000 	C:\Program Files\Java\javafx-sdk-17.0.1\bin\api-ms-win-core-synch-l1-1-0.dll
0x0000029095240000 - 0x0000029095243000 	C:\Program Files\Java\javafx-sdk-17.0.1\bin\api-ms-win-core-synch-l1-2-0.dll
0x0000029095250000 - 0x0000029095253000 	C:\Program Files\Java\javafx-sdk-17.0.1\bin\api-ms-win-core-sysinfo-l1-1-0.dll
0x0000029095260000 - 0x0000029095263000 	C:\Program Files\Java\javafx-sdk-17.0.1\bin\api-ms-win-core-timezone-l1-1-0.dll
0x0000029095270000 - 0x0000029095273000 	C:\Program Files\Java\javafx-sdk-17.0.1\bin\api-ms-win-core-util-l1-1-0.dll
0x0000029095280000 - 0x0000029095283000 	C:\Program Files\Java\javafx-sdk-17.0.1\bin\api-ms-win-crt-conio-l1-1-0.dll
0x0000029095290000 - 0x0000029095294000 	C:\Program Files\Java\javafx-sdk-17.0.1\bin\api-ms-win-crt-convert-l1-1-0.dll
0x00000290952a0000 - 0x00000290952a3000 	C:\Program Files\Java\javafx-sdk-17.0.1\bin\api-ms-win-crt-environment-l1-1-0.dll
0x00000290952b0000 - 0x00000290952b3000 	C:\Program Files\Java\javafx-sdk-17.0.1\bin\api-ms-win-crt-filesystem-l1-1-0.dll
0x00000290952c0000 - 0x00000290952c3000 	C:\Program Files\Java\javafx-sdk-17.0.1\bin\api-ms-win-crt-heap-l1-1-0.dll
0x00000290952d0000 - 0x00000290952d3000 	C:\Program Files\Java\javafx-sdk-17.0.1\bin\api-ms-win-crt-locale-l1-1-0.dll
0x00000290952e0000 - 0x00000290952e5000 	C:\Program Files\Java\javafx-sdk-17.0.1\bin\api-ms-win-crt-math-l1-1-0.dll
0x00000290952f0000 - 0x00000290952f5000 	C:\Program Files\Java\javafx-sdk-17.0.1\bin\api-ms-win-crt-multibyte-l1-1-0.dll
0x0000029095300000 - 0x0000029095310000 	C:\Program Files\Java\javafx-sdk-17.0.1\bin\api-ms-win-crt-private-l1-1-0.dll
0x0000029095310000 - 0x0000029095313000 	C:\Program Files\Java\javafx-sdk-17.0.1\bin\api-ms-win-crt-process-l1-1-0.dll
0x0000029095320000 - 0x0000029095324000 	C:\Program Files\Java\javafx-sdk-17.0.1\bin\api-ms-win-crt-runtime-l1-1-0.dll
0x0000029095330000 - 0x0000029095334000 	C:\Program Files\Java\javafx-sdk-17.0.1\bin\api-ms-win-crt-stdio-l1-1-0.dll
0x0000029095340000 - 0x0000029095344000 	C:\Program Files\Java\javafx-sdk-17.0.1\bin\api-ms-win-crt-string-l1-1-0.dll
0x0000029095350000 - 0x0000029095353000 	C:\Program Files\Java\javafx-sdk-17.0.1\bin\api-ms-win-crt-time-l1-1-0.dll
0x0000029095360000 - 0x0000029095363000 	C:\Program Files\Java\javafx-sdk-17.0.1\bin\api-ms-win-crt-utility-l1-1-0.dll
0x00007ffd34dd0000 - 0x00007ffd34ecc000 	C:\Program Files\Java\javafx-sdk-17.0.1\bin\ucrtbase.dll
0x00007ffd7ec90000 - 0x00007ffd7ecaa000 	C:\Program Files\Java\javafx-sdk-17.0.1\bin\vcruntime140.dll
0x00007ffda44c0000 - 0x00007ffda44cc000 	C:\Program Files\Java\javafx-sdk-17.0.1\bin\vcruntime140_1.dll
0x00007ffd6b4e0000 - 0x00007ffd6b56d000 	C:\Program Files\Java\javafx-sdk-17.0.1\bin\msvcp140.dll
0x00007ffd7e8b0000 - 0x00007ffd7e8da000 	C:\Program Files\Java\javafx-sdk-17.0.1\bin\prism_d3d.dll
0x00007ffd6a220000 - 0x00007ffd6a3ef000 	C:\Windows\system32\d3d9.dll
0x00007ffdb2640000 - 0x00007ffdb266f000 	C:\Windows\SYSTEM32\dwmapi.dll
0x00007ffdb2430000 - 0x00007ffdb24ce000 	C:\Windows\system32\uxtheme.dll
0x00007ffdacf50000 - 0x00007ffdad108000 	C:\Windows\System32\DriverStore\FileRepository\u0376209.inf_amd64_b3bdffadea4def3f\B374968\aticfx64.dll
0x00007ffd7f1c0000 - 0x00007ffd7f1f4000 	C:\Windows\System32\DriverStore\FileRepository\u0376209.inf_amd64_b3bdffadea4def3f\B374968\atiu9p64.dll
0x00007ffcf8ad0000 - 0x00007ffcf9824000 	C:\Windows\System32\DriverStore\FileRepository\u0376209.inf_amd64_b3bdffadea4def3f\B374968\atiumd64.dll
0x00007ffdb62a0000 - 0x00007ffdb63ca000 	C:\Windows\System32\ole32.dll
0x0000000060140000 - 0x0000000060fb5000 	C:\Windows\System32\DriverStore\FileRepository\u0376209.inf_amd64_b3bdffadea4def3f\B374968\atiumd6a.dll
0x00007ffdb69e0000 - 0x00007ffdb6e4f000 	C:\Windows\System32\SETUPAPI.dll
0x00007ffdb4770000 - 0x00007ffdb47bb000 	C:\Windows\SYSTEM32\POWRPROF.dll
0x00007ffdb4d90000 - 0x00007ffdb4dde000 	C:\Windows\System32\cfgmgr32.dll
0x00007ffdb51f0000 - 0x00007ffdb5217000 	C:\Windows\System32\bcrypt.dll
0x00007ffdb4750000 - 0x00007ffdb4762000 	C:\Windows\SYSTEM32\UMPDC.dll
0x00007ffdaab00000 - 0x00007ffdaab30000 	C:\Windows\SYSTEM32\amdihk64.dll
0x00007ffd7d040000 - 0x00007ffd7d082000 	C:\Program Files\Java\javafx-sdk-17.0.1\bin\glass.dll
0x00007ffdb70a0000 - 0x00007ffdb717b000 	C:\Windows\System32\COMDLG32.dll
0x00007ffdb5c50000 - 0x00007ffdb5d1d000 	C:\Windows\System32\OLEAUT32.dll
0x00007ffdb5d20000 - 0x00007ffdb5e35000 	C:\Windows\System32\MSCTF.dll
0x00007ffdafec0000 - 0x00007ffdafefb000 	C:\Windows\SYSTEM32\dxcore.dll
0x00007ffd7e010000 - 0x00007ffd7e024000 	C:\Program Files\Java\javafx-sdk-17.0.1\bin\javafx_font.dll
0x00007ffda7470000 - 0x00007ffda76ef000 	C:\Windows\SYSTEM32\dwrite.dll
0x00007ffdb6650000 - 0x00007ffdb66f9000 	C:\Windows\System32\clbcatq.dll
0x00007ffdaef80000 - 0x00007ffdaf134000 	C:\Windows\SYSTEM32\WindowsCodecs.dll
0x00007ffd792e0000 - 0x00007ffd7931e000 	C:\Windows\system32\dataexchange.dll
0x00007ffdb1690000 - 0x00007ffdb1874000 	C:\Windows\system32\dcomp.dll
0x00007ffdb0a00000 - 0x00007ffdb0c63000 	C:\Windows\system32\d3d11.dll
0x00007ffdb3310000 - 0x00007ffdb3403000 	C:\Windows\system32\dxgi.dll
0x00007ffdaea20000 - 0x00007ffdaec20000 	C:\Windows\system32\twinapi.appcore.dll
0x00007ffd7e8f0000 - 0x00007ffd7e924000 	C:\Program Files\Common Files\Microsoft Shared\Ink\rtscom.dll
0x00007ffda9680000 - 0x00007ffda9779000 	C:\Windows\SYSTEM32\textinputframework.dll
0x00007ffdb1880000 - 0x00007ffdb1bde000 	C:\Windows\System32\CoreUIComponents.dll
0x00007ffdb1f60000 - 0x00007ffdb2052000 	C:\Windows\System32\CoreMessaging.dll
0x00007ffdb3710000 - 0x00007ffdb3743000 	C:\Windows\SYSTEM32\ntmarta.dll
0x00007ffdb08a0000 - 0x00007ffdb09f4000 	C:\Windows\SYSTEM32\wintypes.dll
0x00007ffdb10d0000 - 0x00007ffdb1690000 	C:\Windows\SYSTEM32\d2d1.dll
0x00007ffdad1a0000 - 0x00007ffdad896000 	C:\Windows\SYSTEM32\D3D10Warp.dll
0x00007ffd81bd0000 - 0x00007ffd81bf4000 	C:\Windows\SYSTEM32\edputil.dll

dbghelp: loaded successfully - version: 4.0.5 - missing functions: none
symbol engine: initialized successfully - sym options: 0x614 - pdb path: .;C:\Program Files\Java\jdk-16.0.2\bin;C:\Windows\SYSTEM32;C:\Program Files\Avast Software\Avast;C:\Windows\WinSxS\amd64_microsoft.windows.common-controls_6595b64144ccf1df_6.0.19041.1110_none_60b5254171f9507e;C:\Program Files\Java\jdk-16.0.2\bin\server;C:\Program Files\Java\javafx-sdk-17.0.1\bin;C:\Windows\System32\DriverStore\FileRepository\u0376209.inf_amd64_b3bdffadea4def3f\B374968;C:\Program Files\Common Files\Microsoft Shared\Ink

VM Arguments:
jvm_args: -Dfile.encoding=UTF-8 --module-path=C:\Program Files\Java\javafx-sdk-17.0.1\lib --add-modules=javafx.controls,javafx.fxml --module-path=D:\Java projects\Hospital\build\classes;C:\Program Files\Java\javafx-sdk-17.0.1\lib\javafx-swt.jar;C:\Program Files\Java\javafx-sdk-17.0.1\lib\javafx.base.jar;C:\Program Files\Java\javafx-sdk-17.0.1\lib\javafx.controls.jar;C:\Program Files\Java\javafx-sdk-17.0.1\lib\javafx.fxml.jar;C:\Program Files\Java\javafx-sdk-17.0.1\lib\javafx.graphics.jar;C:\Program Files\Java\javafx-sdk-17.0.1\lib\javafx.media.jar;C:\Program Files\Java\javafx-sdk-17.0.1\lib\javafx.swing.jar;C:\Program Files\Java\javafx-sdk-17.0.1\lib\javafx.web.jar 
java_command: Hospital.FXMain
java_class_path (initial): C:\Program Files\Java\javafx-sdk-17.0.1\lib\javafx-swt.jar;C:\Program Files\Java\javafx-sdk-17.0.1\lib\javafx.base.jar;C:\Program Files\Java\javafx-sdk-17.0.1\lib\javafx.controls.jar;C:\Program Files\Java\javafx-sdk-17.0.1\lib\javafx.fxml.jar;C:\Program Files\Java\javafx-sdk-17.0.1\lib\javafx.graphics.jar;C:\Program Files\Java\javafx-sdk-17.0.1\lib\javafx.media.jar;C:\Program Files\Java\javafx-sdk-17.0.1\lib\javafx.swing.jar;C:\Program Files\Java\javafx-sdk-17.0.1\lib\javafx.web.jar;C:\Program Files\Java\mysql-connector-java-8.0.27;C:\Program Files\Java\mysql-connector-java-8.0.27\mysql-connector-java-8.0.27.jar;C:\Program Files\Java\jfoenix-9.0.10\jfoenix-9.0.10.jar;D:\Java projects\Hospital\build\classes
Launcher Type: SUN_STANDARD

[Global flags]
     intx CICompilerCount                          = 4                                         {product} {ergonomic}
     uint ConcGCThreads                            = 2                                         {product} {ergonomic}
     uint G1ConcRefinementThreads                  = 8                                         {product} {ergonomic}
   size_t G1HeapRegionSize                         = 2097152                                   {product} {ergonomic}
    uintx GCDrainStackTargetSize                   = 64                                        {product} {ergonomic}
   size_t InitialHeapSize                          = 234881024                                 {product} {ergonomic}
   size_t MarkStackSize                            = 4194304                                   {product} {ergonomic}
   size_t MaxHeapSize                              = 3745513472                                {product} {ergonomic}
   size_t MaxNewSize                               = 2246049792                                {product} {ergonomic}
   size_t MinHeapDeltaBytes                        = 2097152                                   {product} {ergonomic}
   size_t MinHeapSize                              = 8388608                                   {product} {ergonomic}
    uintx NonNMethodCodeHeapSize                   = 5839372                                {pd product} {ergonomic}
    uintx NonProfiledCodeHeapSize                  = 122909434                              {pd product} {ergonomic}
    uintx ProfiledCodeHeapSize                     = 122909434                              {pd product} {ergonomic}
    uintx ReservedCodeCacheSize                    = 251658240                              {pd product} {ergonomic}
     bool SegmentedCodeCache                       = true                                      {product} {ergonomic}
   size_t SoftMaxHeapSize                          = 3745513472                             {manageable} {ergonomic}
     bool UseCompressedClassPointers               = true                           {product lp64_product} {ergonomic}
     bool UseCompressedOops                        = true                           {product lp64_product} {ergonomic}
     bool UseG1GC                                  = true                                      {product} {ergonomic}
     bool UseLargePagesIndividualAllocation        = false                                  {pd product} {ergonomic}

Logging:
Log output configuration:
 #0: stdout all=off uptime,level,tags
 #1: stderr all=off uptime,level,tags

Environment Variables:
PATH=D:\VMware\bin\;C:\Program Files (x86)\Windows Resource Kits\Tools\;C:\Program Files\Common Files\Oracle\Java\javapath;C:\Program Files\Microsoft MPI\Bin\;C:\Windows\system32;C:\Windows;C:\Windows\System32\Wbem;C:\Windows\System32\WindowsPowerShell\v1.0\;C:\Windows\System32\OpenSSH\;C:\Program Files\Microsoft SQL Server\130\Tools\Binn\;C:\Program Files\Microsoft SQL Server\Client SDK\ODBC\170\Tools\Binn\;C:\Program Files (x86)\Microsoft SQL Server\150\Tools\Binn\;C:\Program Files\Microsoft SQL Server\150\Tools\Binn\;C:\Program Files (x86)\Microsoft SQL Server\150\DTS\Binn\;C:\Program Files\Microsoft SQL Server\150\DTS\Binn\;C:\Program Files\Azure Data Studio\bin;C:\Program Files\MySQL\MySQL Shell 8.0\bin\;C:\Users\Jekichoid\AppData\Local\Microsoft\WindowsApps;C:\Program Files\Azure Data Studio\bin;C:\Users\Jekichoid\AppData\Local\GitHubDesktop\bin
USERNAME=Jekichoid
OS=Windows_NT
PROCESSOR_IDENTIFIER=AMD64 Family 23 Model 24 Stepping 1, AuthenticAMD



---------------  S Y S T E M  ---------------

OS:
 Windows 10 , 64 bit Build 19041 (10.0.19041.1741)
OS uptime: 0 days 10:14 hours

CPU: total 8 (initial active 8) (8 cores per cpu, 2 threads per core) family 23 model 24 stepping 1 microcode 0x0, cx8, cmov, fxsr, ht, mmx, 3dnowpref, sse, sse2, sse3, ssse3, sse4a, sse4.1, sse4.2, popcnt, lzcnt, tsc, tscinvbit, avx, avx2, aes, clmul, bmi1, bmi2, adx, sha, fma, vzeroupper, clflush, clflushopt

Memory: 4k page, system-wide physical 14284M (6378M free)
TotalPageFile size 26060M (AvailPageFile size 9233M)
current process WorkingSet (physical memory assigned to process): 198M, peak: 243M
current process commit charge ("private bytes"): 288M, peak: 427M

vm_info: Java HotSpot(TM) 64-Bit Server VM (16.0.2+7-67) for windows-amd64 JRE (16.0.2+7-67), built on Jun  8 2021 23:24:19 by "mach5one" with MS VC++ 16.7 (VS2019)

END.
